2023-12-09 06:30:33 | INFO    | __main__:stash:131 | run - {'image': '20231121', 'version': '0.10.1.post2', 'role': 'EpicPlayer', 'headless': True}
2023-12-09 06:30:41 | INFO    | __main__:claim_epic_games:97 | Try to flush cookie - {'task': 'claim_epic_games'}
2023-12-09 06:30:44 | INFO    | epic_games.agent:_login:237 | login-with-email - {'url': 'https://www.epicgames.com/id/login?lang=en-US&noHostRedirect=true&redirectUrl=https://store.epicgames.com/en-US/free-games'}
2023-12-09 06:30:48 | DEBUG    | epic_games.agent:insert_challenge:215 | Attack challenge - {'stage': 'email_exists_prod'}
2023-12-09 06:30:48 | DEBUG    | hcaptcha_challenger.agents.playwright.control:_parse_label:241 | get task - {'prompt': 'Please find and click on the letter K in the image below.'}
2023-12-09 06:30:53 | DEBUG    | epic_games.agent:insert_challenge:218 | Parse result - {'stage': 'email_exists_prod', 'result': <Status.CHALLENGE_RETRY: 'retry'>}
2023-12-09 06:30:56 | DEBUG    | hcaptcha_challenger.agents.playwright.control:_parse_label:241 | get task - {'prompt': 'Please find and click on the letter W in the image below.'}
2023-12-09 06:31:01 | DEBUG    | epic_games.agent:insert_challenge:218 | Parse result - {'stage': 'email_exists_prod', 'result': <Status.CHALLENGE_RETRY: 'retry'>}
2023-12-09 06:31:04 | DEBUG    | hcaptcha_challenger.agents.playwright.control:_parse_label:241 | get task - {'prompt': 'Please find and click on the letter K in the image below.'}
2023-12-09 06:31:09 | DEBUG    | epic_games.agent:insert_challenge:218 | Parse result - {'stage': 'email_exists_prod', 'result': <Status.CHALLENGE_RETRY: 'retry'>}
2023-12-09 06:31:13 | DEBUG    | hcaptcha_challenger.agents.playwright.control:_parse_label:241 | get task - {'prompt': 'Please find and click on the letter K in the image below.'}
2023-12-09 06:31:20 | DEBUG    | epic_games.agent:insert_challenge:218 | Parse result - {'stage': 'email_exists_prod', 'result': <Status.CHALLENGE_RETRY: 'retry'>}
2023-12-09 06:31:25 | DEBUG    | hcaptcha_challenger.agents.playwright.control:_parse_label:241 | get task - {'prompt': 'Please find and click on the letter W in the image below.'}
2023-12-09 06:31:30 | DEBUG    | epic_games.agent:insert_challenge:218 | Parse result - {'stage': 'email_exists_prod', 'result': <Status.CHALLENGE_RETRY: 'retry'>}
2023-12-09 06:31:33 | DEBUG    | hcaptcha_challenger.agents.playwright.control:_parse_label:241 | get task - {'prompt': 'Please find and click on the letter K in the image below.'}
2023-12-09 06:31:43 | DEBUG    | epic_games.agent:insert_challenge:218 | Parse result - {'stage': 'email_exists_prod', 'result': <Status.CHALLENGE_RETRY: 'retry'>}
2023-12-09 06:31:47 | DEBUG    | hcaptcha_challenger.agents.playwright.control:_parse_label:241 | get task - {'prompt': 'Please find and click on the letter K in the image below.'}
2023-12-09 06:31:52 | DEBUG    | epic_games.agent:insert_challenge:218 | Parse result - {'stage': 'email_exists_prod', 'result': <Status.CHALLENGE_RETRY: 'retry'>}
2023-12-09 06:31:56 | DEBUG    | hcaptcha_challenger.agents.playwright.control:_parse_label:241 | get task - {'prompt': 'Please find and click on the letter W in the image below.'}
2023-12-09 06:32:04 | DEBUG    | epic_games.agent:insert_challenge:218 | Parse result - {'stage': 'email_exists_prod', 'result': <Status.CHALLENGE_RETRY: 'retry'>}
2023-12-09 06:32:06 | DEBUG    | hcaptcha_challenger.agents.playwright.control:_parse_label:241 | get task - {'prompt': 'Please find and click on the letter W in the image below.'}
2023-12-09 06:32:12 | DEBUG    | epic_games.agent:insert_challenge:218 | Parse result - {'stage': 'email_exists_prod', 'result': <Status.CHALLENGE_RETRY: 'retry'>}
2023-12-09 06:32:15 | DEBUG    | hcaptcha_challenger.agents.playwright.control:_parse_label:241 | get task - {'prompt': 'Please click on the object that appears only once.'}
2023-12-09 06:32:18 | DEBUG    | hcaptcha_challenger.agents.playwright.control:lookup_unique_object:333 | handle task - {'select_model': 'appears_only_once_2309_yolov8s-seg.onnx', 'trident': 'find_unique_object', 'ash': 'please click on the object that appears only once default'}
2023-12-09 06:32:20 | DEBUG    | hcaptcha_challenger.agents.playwright.control:lookup_unique_object:333 | handle task - {'select_model': 'appears_only_once_2309_yolov8s-seg.onnx', 'trident': 'find_unique_object', 'ash': 'please click on the object that appears only once default'}
2023-12-09 06:32:27 | DEBUG    | epic_games.agent:insert_challenge:218 | Parse result - {'stage': 'email_exists_prod', 'result': <Status.CHALLENGE_SUCCESS: 'success'>}
2023-12-09 06:32:57 | WARNING    | epic_games.agent:authorize:266 | 执行超时 - {'task': 'authorize', 'retry': 0}
2023-12-09 06:32:59 | INFO    | epic_games.agent:_login:237 | login-with-email - {'url': 'https://www.epicgames.com/id/login?lang=en-US&noHostRedirect=true&redirectUrl=https://store.epicgames.com/en-US/free-games'}
2023-12-09 06:33:03 | DEBUG    | epic_games.agent:insert_challenge:215 | Attack challenge - {'stage': 'email_exists_prod'}
2023-12-09 06:33:03 | DEBUG    | hcaptcha_challenger.agents.playwright.control:_parse_label:241 | get task - {'prompt': 'Please click on the object that appears only once.'}
2023-12-09 06:33:05 | DEBUG    | hcaptcha_challenger.agents.playwright.control:lookup_unique_object:333 | handle task - {'select_model': 'appears_only_once_2309_yolov8s-seg.onnx', 'trident': 'find_unique_object', 'ash': 'please click on the object that appears only once default'}
2023-12-09 06:33:08 | DEBUG    | hcaptcha_challenger.agents.playwright.control:lookup_unique_object:333 | handle task - {'select_model': 'appears_only_once_2309_yolov8s-seg.onnx', 'trident': 'find_unique_object', 'ash': 'please click on the object that appears only once default'}
2023-12-09 06:33:09 | DEBUG    | epic_games.agent:insert_challenge:218 | Parse result - {'stage': 'email_exists_prod', 'result': <Status.CHALLENGE_SUCCESS: 'success'>}
2023-12-09 06:33:15 | DEBUG    | epic_games.agent:insert_challenge:209 | Attack challenge - {'stage': 'login_prod'}
2023-12-09 06:33:15 | DEBUG    | hcaptcha_challenger.agents.playwright.control:_parse_label:241 | get task - {'prompt': 'Ρlease find and click οn the letter K in the image belοw.'}
2023-12-09 06:33:19 | DEBUG    | epic_games.agent:insert_challenge:218 | Parse result - {'stage': 'login_prod', 'result': <Status.CHALLENGE_RETRY: 'retry'>}
2023-12-09 06:33:27 | DEBUG    | hcaptcha_challenger.agents.playwright.control:_parse_label:241 | get task - {'prompt': 'Please find and click on the letter W in tһe image below.'}
2023-12-09 06:33:33 | DEBUG    | epic_games.agent:insert_challenge:218 | Parse result - {'stage': 'login_prod', 'result': <Status.CHALLENGE_RETRY: 'retry'>}
2023-12-09 06:33:40 | DEBUG    | hcaptcha_challenger.agents.playwright.control:_parse_label:241 | get task - {'prompt': 'Please find and click on the letter K in the image below.'}
2023-12-09 06:33:45 | DEBUG    | epic_games.agent:insert_challenge:218 | Parse result - {'stage': 'login_prod', 'result': <Status.CHALLENGE_RETRY: 'retry'>}
2023-12-09 06:33:49 | DEBUG    | hcaptcha_challenger.agents.playwright.control:_parse_label:241 | get task - {'prompt': 'Pleaѕe find and click on the letter K in the image below.'}
2023-12-09 06:33:54 | DEBUG    | epic_games.agent:insert_challenge:218 | Parse result - {'stage': 'login_prod', 'result': <Status.CHALLENGE_RETRY: 'retry'>}
2023-12-09 06:33:58 | DEBUG    | hcaptcha_challenger.agents.playwright.control:_parse_label:241 | get task - {'prompt': 'Please find and click on the letter W in the image below.'}
2023-12-09 06:34:07 | DEBUG    | epic_games.agent:insert_challenge:218 | Parse result - {'stage': 'login_prod', 'result': <Status.CHALLENGE_RETRY: 'retry'>}
2023-12-09 06:34:10 | DEBUG    | hcaptcha_challenger.agents.playwright.control:_parse_label:241 | get task - {'prompt': 'Please find and cliсk on the letter W in the image below.'}
2023-12-09 06:34:16 | DEBUG    | epic_games.agent:insert_challenge:218 | Parse result - {'stage': 'login_prod', 'result': <Status.CHALLENGE_RETRY: 'retry'>}
2023-12-09 06:34:24 | DEBUG    | hcaptcha_challenger.agents.playwright.control:_parse_label:241 | get task - {'prompt': 'Please cliсk on the objeсt that appears onlу once.'}
2023-12-09 06:34:25 | DEBUG    | hcaptcha_challenger.agents.playwright.control:lookup_unique_object:333 | handle task - {'select_model': 'appears_only_once_2309_yolov8s-seg.onnx', 'trident': 'find_unique_object', 'ash': 'please click on the object that appears only once default'}
2023-12-09 06:34:28 | DEBUG    | hcaptcha_challenger.agents.playwright.control:lookup_unique_object:333 | handle task - {'select_model': 'appears_only_once_2309_yolov8s-seg.onnx', 'trident': 'find_unique_object', 'ash': 'please click on the object that appears only once default'}
2023-12-09 06:34:30 | DEBUG    | epic_games.agent:insert_challenge:218 | Parse result - {'stage': 'login_prod', 'result': <Status.CHALLENGE_SUCCESS: 'success'>}
2023-12-09 06:34:33 | SUCCESS    | epic_games.agent:_login:253 | login - {'result': 'Successfully refreshed tokens'}
2023-12-09 06:34:42 | SUCCESS    | epic_games.agent:flush_token:280 | flush_token - {'path': PosixPath('/home/runner/work/myEpic/myEpic/epic/user_data_dir/epic-games@yiyindaren/ctx_cookie.json')}
2023-12-09 06:34:42 | DEBUG    | __main__:create_tasks:66 | Put task - {'title': 'GigaBash', 'url': 'https://store.epicgames.com/en-US/p/gigabash'}
2023-12-09 06:34:42 | DEBUG    | __main__:create_tasks:66 | Put task - {'title': 'Predecessor', 'url': 'https://store.epicgames.com/en-US/p/predecessor'}
2023-12-09 06:34:42 | INFO    | epic_games.agent:claim_weekly_games:294 | claim_weekly_games - {'action': 'go to store', 'url': 'https://store.epicgames.com/en-US/p/gigabash'}
2023-12-09 06:34:47 | INFO    | epic_games.agent:claim_weekly_games:294 | claim_weekly_games - {'action': 'go to store', 'url': 'https://store.epicgames.com/en-US/p/predecessor'}
2023-12-09 06:34:56 | INFO    | epic_games.agent:claim_weekly_games:326 | claim_weekly_games - {'action': 'move to webPurchaseContainer iframe'}
2023-12-09 06:34:58 | INFO    | epic_games.agent:claim_weekly_games:328 | claim_weekly_games - {'action': 'click payment button'}
2023-12-09 06:35:03 | DEBUG    | hcaptcha_challenger.agents.playwright.control:_parse_label:241 | get task - {'prompt': 'Please find and click on the letter W in the image below.'}
2023-12-09 06:35:08 | DEBUG    | epic_games.agent:insert_challenge:106 | task done - {'sattus': 'success'}
2023-12-09 06:35:40 | INFO    | epic_games.agent:claim_weekly_games:294 | claim_weekly_games - {'action': 'go to store', 'url': 'https://store.epicgames.com/en-US/p/gigabash'}
2023-12-09 06:35:46 | INFO    | epic_games.agent:claim_weekly_games:294 | claim_weekly_games - {'action': 'go to store', 'url': 'https://store.epicgames.com/en-US/p/predecessor'}
2023-12-09 06:35:54 | INFO    | epic_games.agent:claim_weekly_games:326 | claim_weekly_games - {'action': 'move to webPurchaseContainer iframe'}
2023-12-09 06:35:57 | INFO    | epic_games.agent:claim_weekly_games:328 | claim_weekly_games - {'action': 'click payment button'}
2023-12-09 06:36:02 | DEBUG    | hcaptcha_challenger.agents.playwright.control:_parse_label:241 | get task - {'prompt': 'Ρlease find and click on the letter W in the image below.'}
2023-12-09 06:36:07 | DEBUG    | epic_games.agent:insert_challenge:106 | task done - {'sattus': 'success'}
2023-12-09 06:36:39 | INFO    | epic_games.agent:claim_weekly_games:294 | claim_weekly_games - {'action': 'go to store', 'url': 'https://store.epicgames.com/en-US/p/gigabash'}
2023-12-09 06:36:44 | INFO    | epic_games.agent:claim_weekly_games:294 | claim_weekly_games - {'action': 'go to store', 'url': 'https://store.epicgames.com/en-US/p/predecessor'}
2023-12-09 06:36:53 | INFO    | epic_games.agent:claim_weekly_games:326 | claim_weekly_games - {'action': 'move to webPurchaseContainer iframe'}
2023-12-09 06:36:55 | INFO    | epic_games.agent:claim_weekly_games:328 | claim_weekly_games - {'action': 'click payment button'}
2023-12-09 06:37:00 | DEBUG    | hcaptcha_challenger.agents.playwright.control:_parse_label:241 | get task - {'prompt': 'Ρlease find and click on the letter W in the image below.'}
2023-12-09 06:37:06 | DEBUG    | epic_games.agent:insert_challenge:106 | task done - {'sattus': 'success'}
2023-12-09 06:37:38 | ERROR    | __main__:run:158 | An error has been caught in function 'run', process 'MainProcess' (3652), thread 'MainThread' (140600691567488): - {}
Traceback (most recent call last):
  File "/home/runner/work/myEpic/myEpic/epic/src/claim.py", line 151, in stash
    await self.claim_epic_games(context)
  File "/home/runner/work/myEpic/myEpic/epic/src/claim.py", line 122, in claim_epic_games
    await epic.claim_weekly_games(page, single_promotions)
  File "/opt/hostedtoolcache/Python/3.10.13/x64/lib/python3.10/site-packages/tenacity/_asyncio.py", line 88, in async_wrapped
    return await fn(*args, **kwargs)
  File "/opt/hostedtoolcache/Python/3.10.13/x64/lib/python3.10/site-packages/tenacity/_asyncio.py", line 47, in __call__
    do = self.iter(retry_state=retry_state)
  File "/opt/hostedtoolcache/Python/3.10.13/x64/lib/python3.10/site-packages/tenacity/__init__.py", line 325, in iter
    raise retry_exc.reraise()
  File "/opt/hostedtoolcache/Python/3.10.13/x64/lib/python3.10/site-packages/tenacity/__init__.py", line 158, in reraise
    raise self.last_attempt.result()
  File "/opt/hostedtoolcache/Python/3.10.13/x64/lib/python3.10/concurrent/futures/_base.py", line 451, in result
    return self.__get_result()
  File "/opt/hostedtoolcache/Python/3.10.13/x64/lib/python3.10/concurrent/futures/_base.py", line 403, in __get_result
    raise self._exception
  File "/opt/hostedtoolcache/Python/3.10.13/x64/lib/python3.10/site-packages/tenacity/_asyncio.py", line 50, in __call__
    result = await fn(*args, **kwargs)
  File "/home/runner/work/myEpic/myEpic/epic/src/epic_games/agent.py", line 338, in claim_weekly_games
    await page.wait_for_url(recur_url)
  File "/opt/hostedtoolcache/Python/3.10.13/x64/lib/python3.10/site-packages/playwright/async_api/_generated.py", line 9417, in wait_for_url
    await self._impl_obj.wait_for_url(
  File "/opt/hostedtoolcache/Python/3.10.13/x64/lib/python3.10/site-packages/playwright/_impl/_page.py", line 499, in wait_for_url
    return await self._main_frame.wait_for_url(**locals_to_params(locals()))
  File "/opt/hostedtoolcache/Python/3.10.13/x64/lib/python3.10/site-packages/playwright/_impl/_frame.py", line 227, in wait_for_url
    async with self.expect_navigation(
  File "/opt/hostedtoolcache/Python/3.10.13/x64/lib/python3.10/site-packages/playwright/_impl/_event_context_manager.py", line 33, in __aexit__
    await self._future
  File "/opt/hostedtoolcache/Python/3.10.13/x64/lib/python3.10/site-packages/playwright/_impl/_frame.py", line 202, in continuation
    event = await waiter.result()
playwright._impl._errors.TimeoutError: Timeout 30000ms exceeded.
=========================== logs ===========================
waiting for navigation to "https://store.epicgames.com/en-US/cart/success" until 'load'
============================================================

During handling of the above exception, another exception occurred:

Traceback (most recent call last):
  File "/home/runner/work/myEpic/myEpic/epic/src/claim.py", line 162, in <module>
    asyncio.run(run())
  File "/opt/hostedtoolcache/Python/3.10.13/x64/lib/python3.10/asyncio/runners.py", line 44, in run
    return loop.run_until_complete(main)
  File "/opt/hostedtoolcache/Python/3.10.13/x64/lib/python3.10/asyncio/base_events.py", line 636, in run_until_complete
    self.run_forever()
  File "/opt/hostedtoolcache/Python/3.10.13/x64/lib/python3.10/asyncio/base_events.py", line 603, in run_forever
    self._run_once()
  File "/opt/hostedtoolcache/Python/3.10.13/x64/lib/python3.10/asyncio/base_events.py", line 1909, in _run_once
    handle._run()
  File "/opt/hostedtoolcache/Python/3.10.13/x64/lib/python3.10/asyncio/events.py", line 80, in _run
    self._context.run(self._callback, *self._args)
> File "/home/runner/work/myEpic/myEpic/epic/src/claim.py", line 158, in run
    await agent.stash()
  File "/home/runner/work/myEpic/myEpic/epic/src/claim.py", line 139, in stash
    async with async_playwright() as p:
  File "/opt/hostedtoolcache/Python/3.10.13/x64/lib/python3.10/site-packages/playwright/async_api/_context_manager.py", line 58, in __aexit__
    await self._connection.stop_async()
  File "/opt/hostedtoolcache/Python/3.10.13/x64/lib/python3.10/site-packages/playwright/_impl/_connection.py", line 288, in stop_async
    self.cleanup()
  File "/opt/hostedtoolcache/Python/3.10.13/x64/lib/python3.10/site-packages/playwright/_impl/_connection.py", line 299, in cleanup
    callback.future.set_exception(self._closed_error)
asyncio.exceptions.InvalidStateError: invalid state
