{"text": "2023-12-25 06:29:11 | INFO    | __main__:stash:131 | run - {'image': '20231121', 'version': '0.10.1.post2', 'role': 'EpicPlayer', 'headless': True}\n", "record": {"elapsed": {"repr": "0:00:01.478003", "seconds": 1.478003}, "exception": null, "extra": {"image": "20231121", "version": "0.10.1.post2", "role": "EpicPlayer", "headless": true}, "file": {"name": "claim.py", "path": "/home/runner/work/myEpic/myEpic/epic/src/claim.py"}, "function": "stash", "level": {"icon": "‚ÑπÔ∏è", "name": "INFO", "no": 20}, "line": 131, "message": "run", "module": "claim", "name": "__main__", "process": {"id": 3516, "name": "MainProcess"}, "thread": {"id": 140612941134720, "name": "MainThread"}, "time": {"repr": "2023-12-25 06:29:11.265401+08:00", "timestamp": 1703456951.265401}}}
{"text": "2023-12-25 06:29:15 | DEBUG    | __main__:create_tasks:66 | Put task - {'title': 'Ghostwire: Tokyo', 'url': 'https://store.epicgames.com/en-US/p/ghostwire-tokyo'}\n", "record": {"elapsed": {"repr": "0:00:06.093949", "seconds": 6.093949}, "exception": null, "extra": {"title": "Ghostwire: Tokyo", "url": "https://store.epicgames.com/en-US/p/ghostwire-tokyo"}, "file": {"name": "claim.py", "path": "/home/runner/work/myEpic/myEpic/epic/src/claim.py"}, "function": "create_tasks", "level": {"icon": "üêû", "name": "DEBUG", "no": 10}, "line": 66, "message": "Put task", "module": "claim", "name": "__main__", "process": {"id": 3516, "name": "MainProcess"}, "thread": {"id": 140612941134720, "name": "MainThread"}, "time": {"repr": "2023-12-25 06:29:15.881347+08:00", "timestamp": 1703456955.881347}}}
{"text": "2023-12-25 06:29:20 | INFO    | epic_games.agent:claim_weekly_games:294 | claim_weekly_games - {'action': 'go to store', 'url': 'https://store.epicgames.com/en-US/p/ghostwire-tokyo'}\n", "record": {"elapsed": {"repr": "0:00:10.828067", "seconds": 10.828067}, "exception": null, "extra": {"action": "go to store", "url": "https://store.epicgames.com/en-US/p/ghostwire-tokyo"}, "file": {"name": "agent.py", "path": "/home/runner/work/myEpic/myEpic/epic/src/epic_games/agent.py"}, "function": "claim_weekly_games", "level": {"icon": "‚ÑπÔ∏è", "name": "INFO", "no": 20}, "line": 294, "message": "claim_weekly_games", "module": "agent", "name": "epic_games.agent", "process": {"id": 3516, "name": "MainProcess"}, "thread": {"id": 140612941134720, "name": "MainThread"}, "time": {"repr": "2023-12-25 06:29:20.615465+08:00", "timestamp": 1703456960.615465}}}
{"text": "2023-12-25 06:29:31 | INFO    | epic_games.agent:claim_weekly_games:326 | claim_weekly_games - {'action': 'move to webPurchaseContainer iframe'}\n", "record": {"elapsed": {"repr": "0:00:21.658187", "seconds": 21.658187}, "exception": null, "extra": {"action": "move to webPurchaseContainer iframe"}, "file": {"name": "agent.py", "path": "/home/runner/work/myEpic/myEpic/epic/src/epic_games/agent.py"}, "function": "claim_weekly_games", "level": {"icon": "‚ÑπÔ∏è", "name": "INFO", "no": 20}, "line": 326, "message": "claim_weekly_games", "module": "agent", "name": "epic_games.agent", "process": {"id": 3516, "name": "MainProcess"}, "thread": {"id": 140612941134720, "name": "MainThread"}, "time": {"repr": "2023-12-25 06:29:31.445585+08:00", "timestamp": 1703456971.445585}}}
{"text": "2023-12-25 06:29:33 | INFO    | epic_games.agent:claim_weekly_games:328 | claim_weekly_games - {'action': 'click payment button'}\n", "record": {"elapsed": {"repr": "0:00:24.068107", "seconds": 24.068107}, "exception": null, "extra": {"action": "click payment button"}, "file": {"name": "agent.py", "path": "/home/runner/work/myEpic/myEpic/epic/src/epic_games/agent.py"}, "function": "claim_weekly_games", "level": {"icon": "‚ÑπÔ∏è", "name": "INFO", "no": 20}, "line": 328, "message": "claim_weekly_games", "module": "agent", "name": "epic_games.agent", "process": {"id": 3516, "name": "MainProcess"}, "thread": {"id": 140612941134720, "name": "MainThread"}, "time": {"repr": "2023-12-25 06:29:33.855505+08:00", "timestamp": 1703456973.855505}}}
{"text": "2023-12-25 06:29:38 | DEBUG    | hcaptcha_challenger.agents.playwright.control:_parse_label:241 | get task - {'prompt': 'Œ°lease click on all images of the he–∞viest animal s—Äecies'}\n", "record": {"elapsed": {"repr": "0:00:29.070206", "seconds": 29.070206}, "exception": null, "extra": {"prompt": "Œ°lease click on all images of the he–∞viest animal s—Äecies"}, "file": {"name": "control.py", "path": "/opt/hostedtoolcache/Python/3.10.13/x64/lib/python3.10/site-packages/hcaptcha_challenger/agents/playwright/control.py"}, "function": "_parse_label", "level": {"icon": "üêû", "name": "DEBUG", "no": 10}, "line": 241, "message": "get task", "module": "control", "name": "hcaptcha_challenger.agents.playwright.control", "process": {"id": 3516, "name": "MainProcess"}, "thread": {"id": 140612941134720, "name": "MainThread"}, "time": {"repr": "2023-12-25 06:29:38.857604+08:00", "timestamp": 1703456978.857604}}}
{"text": "2023-12-25 06:29:40 | DEBUG    | hcaptcha_challenger.agents.playwright.control:_catch_all_binary_challenge:474 | handle task - {'unsupervised': 'binary', 'candidate_labels': ['This is a picture that looks like œÅlease click on all images of the heaviest animal species.', \"This is a picture that don't look like œÅlease click on all images of the heaviest animal species.\"], 'prompt': 'Œ°lease click on all images of the he–∞viest animal s—Äecies', 'timit': '0.948s'}\n", "record": {"elapsed": {"repr": "0:00:30.224241", "seconds": 30.224241}, "exception": null, "extra": {"unsupervised": "binary", "candidate_labels": ["This is a picture that looks like œÅlease click on all images of the heaviest animal species.", "This is a picture that don't look like œÅlease click on all images of the heaviest animal species."], "prompt": "Œ°lease click on all images of the he–∞viest animal s—Äecies", "timit": "0.948s"}, "file": {"name": "control.py", "path": "/opt/hostedtoolcache/Python/3.10.13/x64/lib/python3.10/site-packages/hcaptcha_challenger/agents/playwright/control.py"}, "function": "_catch_all_binary_challenge", "level": {"icon": "üêû", "name": "DEBUG", "no": 10}, "line": 474, "message": "handle task", "module": "control", "name": "hcaptcha_challenger.agents.playwright.control", "process": {"id": 3516, "name": "MainProcess"}, "thread": {"id": 140612941134720, "name": "MainThread"}, "time": {"repr": "2023-12-25 06:29:40.011639+08:00", "timestamp": 1703456980.011639}}}
{"text": "2023-12-25 06:29:51 | DEBUG    | epic_games.agent:insert_challenge:106 | task done - {'sattus': 'success'}\n", "record": {"elapsed": {"repr": "0:00:41.374523", "seconds": 41.374523}, "exception": null, "extra": {"sattus": "success"}, "file": {"name": "agent.py", "path": "/home/runner/work/myEpic/myEpic/epic/src/epic_games/agent.py"}, "function": "insert_challenge", "level": {"icon": "üêû", "name": "DEBUG", "no": 10}, "line": 106, "message": "task done", "module": "agent", "name": "epic_games.agent", "process": {"id": 3516, "name": "MainProcess"}, "thread": {"id": 140612941134720, "name": "MainThread"}, "time": {"repr": "2023-12-25 06:29:51.161921+08:00", "timestamp": 1703456991.161921}}}
{"text": "2023-12-25 06:30:23 | INFO    | epic_games.agent:claim_weekly_games:294 | claim_weekly_games - {'action': 'go to store', 'url': 'https://store.epicgames.com/en-US/p/ghostwire-tokyo'}\n", "record": {"elapsed": {"repr": "0:01:13.537068", "seconds": 73.537068}, "exception": null, "extra": {"action": "go to store", "url": "https://store.epicgames.com/en-US/p/ghostwire-tokyo"}, "file": {"name": "agent.py", "path": "/home/runner/work/myEpic/myEpic/epic/src/epic_games/agent.py"}, "function": "claim_weekly_games", "level": {"icon": "‚ÑπÔ∏è", "name": "INFO", "no": 20}, "line": 294, "message": "claim_weekly_games", "module": "agent", "name": "epic_games.agent", "process": {"id": 3516, "name": "MainProcess"}, "thread": {"id": 140612941134720, "name": "MainThread"}, "time": {"repr": "2023-12-25 06:30:23.324466+08:00", "timestamp": 1703457023.324466}}}
{"text": "2023-12-25 06:30:32 | INFO    | epic_games.agent:claim_weekly_games:326 | claim_weekly_games - {'action': 'move to webPurchaseContainer iframe'}\n", "record": {"elapsed": {"repr": "0:01:22.272061", "seconds": 82.272061}, "exception": null, "extra": {"action": "move to webPurchaseContainer iframe"}, "file": {"name": "agent.py", "path": "/home/runner/work/myEpic/myEpic/epic/src/epic_games/agent.py"}, "function": "claim_weekly_games", "level": {"icon": "‚ÑπÔ∏è", "name": "INFO", "no": 20}, "line": 326, "message": "claim_weekly_games", "module": "agent", "name": "epic_games.agent", "process": {"id": 3516, "name": "MainProcess"}, "thread": {"id": 140612941134720, "name": "MainThread"}, "time": {"repr": "2023-12-25 06:30:32.059459+08:00", "timestamp": 1703457032.059459}}}
{"text": "2023-12-25 06:30:34 | INFO    | epic_games.agent:claim_weekly_games:328 | claim_weekly_games - {'action': 'click payment button'}\n", "record": {"elapsed": {"repr": "0:01:24.709758", "seconds": 84.709758}, "exception": null, "extra": {"action": "click payment button"}, "file": {"name": "agent.py", "path": "/home/runner/work/myEpic/myEpic/epic/src/epic_games/agent.py"}, "function": "claim_weekly_games", "level": {"icon": "‚ÑπÔ∏è", "name": "INFO", "no": 20}, "line": 328, "message": "claim_weekly_games", "module": "agent", "name": "epic_games.agent", "process": {"id": 3516, "name": "MainProcess"}, "thread": {"id": 140612941134720, "name": "MainThread"}, "time": {"repr": "2023-12-25 06:30:34.497156+08:00", "timestamp": 1703457034.497156}}}
{"text": "2023-12-25 06:30:39 | DEBUG    | hcaptcha_challenger.agents.playwright.control:_parse_label:241 | get task - {'prompt': 'Please click on all images Œøf the heaviest animal s—Ä–µcies'}\n", "record": {"elapsed": {"repr": "0:01:29.712527", "seconds": 89.712527}, "exception": null, "extra": {"prompt": "Please click on all images Œøf the heaviest animal s—Ä–µcies"}, "file": {"name": "control.py", "path": "/opt/hostedtoolcache/Python/3.10.13/x64/lib/python3.10/site-packages/hcaptcha_challenger/agents/playwright/control.py"}, "function": "_parse_label", "level": {"icon": "üêû", "name": "DEBUG", "no": 10}, "line": 241, "message": "get task", "module": "control", "name": "hcaptcha_challenger.agents.playwright.control", "process": {"id": 3516, "name": "MainProcess"}, "thread": {"id": 140612941134720, "name": "MainThread"}, "time": {"repr": "2023-12-25 06:30:39.499925+08:00", "timestamp": 1703457039.499925}}}
{"text": "2023-12-25 06:30:40 | DEBUG    | hcaptcha_challenger.agents.playwright.control:_catch_all_binary_challenge:474 | handle task - {'unsupervised': 'binary', 'candidate_labels': ['This is a picture that looks like please click on all images of the heaviest animal species.', \"This is a picture that don't look like please click on all images of the heaviest animal species.\"], 'prompt': 'Please click on all images Œøf the heaviest animal s—Ä–µcies', 'timit': '0.737s'}\n", "record": {"elapsed": {"repr": "0:01:30.567444", "seconds": 90.567444}, "exception": null, "extra": {"unsupervised": "binary", "candidate_labels": ["This is a picture that looks like please click on all images of the heaviest animal species.", "This is a picture that don't look like please click on all images of the heaviest animal species."], "prompt": "Please click on all images Œøf the heaviest animal s—Ä–µcies", "timit": "0.737s"}, "file": {"name": "control.py", "path": "/opt/hostedtoolcache/Python/3.10.13/x64/lib/python3.10/site-packages/hcaptcha_challenger/agents/playwright/control.py"}, "function": "_catch_all_binary_challenge", "level": {"icon": "üêû", "name": "DEBUG", "no": 10}, "line": 474, "message": "handle task", "module": "control", "name": "hcaptcha_challenger.agents.playwright.control", "process": {"id": 3516, "name": "MainProcess"}, "thread": {"id": 140612941134720, "name": "MainThread"}, "time": {"repr": "2023-12-25 06:30:40.354842+08:00", "timestamp": 1703457040.354842}}}
{"text": "2023-12-25 06:30:48 | DEBUG    | epic_games.agent:insert_challenge:106 | task done - {'sattus': 'success'}\n", "record": {"elapsed": {"repr": "0:01:39.143670", "seconds": 99.14367}, "exception": null, "extra": {"sattus": "success"}, "file": {"name": "agent.py", "path": "/home/runner/work/myEpic/myEpic/epic/src/epic_games/agent.py"}, "function": "insert_challenge", "level": {"icon": "üêû", "name": "DEBUG", "no": 10}, "line": 106, "message": "task done", "module": "agent", "name": "epic_games.agent", "process": {"id": 3516, "name": "MainProcess"}, "thread": {"id": 140612941134720, "name": "MainThread"}, "time": {"repr": "2023-12-25 06:30:48.931068+08:00", "timestamp": 1703457048.931068}}}
{"text": "2023-12-25 06:31:21 | INFO    | epic_games.agent:claim_weekly_games:294 | claim_weekly_games - {'action': 'go to store', 'url': 'https://store.epicgames.com/en-US/p/ghostwire-tokyo'}\n", "record": {"elapsed": {"repr": "0:02:11.297401", "seconds": 131.297401}, "exception": null, "extra": {"action": "go to store", "url": "https://store.epicgames.com/en-US/p/ghostwire-tokyo"}, "file": {"name": "agent.py", "path": "/home/runner/work/myEpic/myEpic/epic/src/epic_games/agent.py"}, "function": "claim_weekly_games", "level": {"icon": "‚ÑπÔ∏è", "name": "INFO", "no": 20}, "line": 294, "message": "claim_weekly_games", "module": "agent", "name": "epic_games.agent", "process": {"id": 3516, "name": "MainProcess"}, "thread": {"id": 140612941134720, "name": "MainThread"}, "time": {"repr": "2023-12-25 06:31:21.084799+08:00", "timestamp": 1703457081.084799}}}
{"text": "2023-12-25 06:31:30 | INFO    | epic_games.agent:claim_weekly_games:326 | claim_weekly_games - {'action': 'move to webPurchaseContainer iframe'}\n", "record": {"elapsed": {"repr": "0:02:20.236551", "seconds": 140.236551}, "exception": null, "extra": {"action": "move to webPurchaseContainer iframe"}, "file": {"name": "agent.py", "path": "/home/runner/work/myEpic/myEpic/epic/src/epic_games/agent.py"}, "function": "claim_weekly_games", "level": {"icon": "‚ÑπÔ∏è", "name": "INFO", "no": 20}, "line": 326, "message": "claim_weekly_games", "module": "agent", "name": "epic_games.agent", "process": {"id": 3516, "name": "MainProcess"}, "thread": {"id": 140612941134720, "name": "MainThread"}, "time": {"repr": "2023-12-25 06:31:30.023949+08:00", "timestamp": 1703457090.023949}}}
{"text": "2023-12-25 06:31:32 | INFO    | epic_games.agent:claim_weekly_games:328 | claim_weekly_games - {'action': 'click payment button'}\n", "record": {"elapsed": {"repr": "0:02:22.622600", "seconds": 142.6226}, "exception": null, "extra": {"action": "click payment button"}, "file": {"name": "agent.py", "path": "/home/runner/work/myEpic/myEpic/epic/src/epic_games/agent.py"}, "function": "claim_weekly_games", "level": {"icon": "‚ÑπÔ∏è", "name": "INFO", "no": 20}, "line": 328, "message": "claim_weekly_games", "module": "agent", "name": "epic_games.agent", "process": {"id": 3516, "name": "MainProcess"}, "thread": {"id": 140612941134720, "name": "MainThread"}, "time": {"repr": "2023-12-25 06:31:32.409998+08:00", "timestamp": 1703457092.409998}}}
{"text": "2023-12-25 06:31:37 | DEBUG    | hcaptcha_challenger.agents.playwright.control:_parse_label:241 | get task - {'prompt': 'Please click on all images Œøf the heaviest animal species'}\n", "record": {"elapsed": {"repr": "0:02:27.625026", "seconds": 147.625026}, "exception": null, "extra": {"prompt": "Please click on all images Œøf the heaviest animal species"}, "file": {"name": "control.py", "path": "/opt/hostedtoolcache/Python/3.10.13/x64/lib/python3.10/site-packages/hcaptcha_challenger/agents/playwright/control.py"}, "function": "_parse_label", "level": {"icon": "üêû", "name": "DEBUG", "no": 10}, "line": 241, "message": "get task", "module": "control", "name": "hcaptcha_challenger.agents.playwright.control", "process": {"id": 3516, "name": "MainProcess"}, "thread": {"id": 140612941134720, "name": "MainThread"}, "time": {"repr": "2023-12-25 06:31:37.412424+08:00", "timestamp": 1703457097.412424}}}
{"text": "2023-12-25 06:31:38 | DEBUG    | hcaptcha_challenger.agents.playwright.control:_catch_all_binary_challenge:474 | handle task - {'unsupervised': 'binary', 'candidate_labels': ['This is a picture that looks like please click on all images of the heaviest animal species.', \"This is a picture that don't look like please click on all images of the heaviest animal species.\"], 'prompt': 'Please click on all images Œøf the heaviest animal species', 'timit': '0.722s'}\n", "record": {"elapsed": {"repr": "0:02:28.467045", "seconds": 148.467045}, "exception": null, "extra": {"unsupervised": "binary", "candidate_labels": ["This is a picture that looks like please click on all images of the heaviest animal species.", "This is a picture that don't look like please click on all images of the heaviest animal species."], "prompt": "Please click on all images Œøf the heaviest animal species", "timit": "0.722s"}, "file": {"name": "control.py", "path": "/opt/hostedtoolcache/Python/3.10.13/x64/lib/python3.10/site-packages/hcaptcha_challenger/agents/playwright/control.py"}, "function": "_catch_all_binary_challenge", "level": {"icon": "üêû", "name": "DEBUG", "no": 10}, "line": 474, "message": "handle task", "module": "control", "name": "hcaptcha_challenger.agents.playwright.control", "process": {"id": 3516, "name": "MainProcess"}, "thread": {"id": 140612941134720, "name": "MainThread"}, "time": {"repr": "2023-12-25 06:31:38.254443+08:00", "timestamp": 1703457098.254443}}}
{"text": "2023-12-25 06:31:46 | DEBUG    | epic_games.agent:insert_challenge:106 | task done - {'sattus': 'success'}\n", "record": {"elapsed": {"repr": "0:02:37.046583", "seconds": 157.046583}, "exception": null, "extra": {"sattus": "success"}, "file": {"name": "agent.py", "path": "/home/runner/work/myEpic/myEpic/epic/src/epic_games/agent.py"}, "function": "insert_challenge", "level": {"icon": "üêû", "name": "DEBUG", "no": 10}, "line": 106, "message": "task done", "module": "agent", "name": "epic_games.agent", "process": {"id": 3516, "name": "MainProcess"}, "thread": {"id": 140612941134720, "name": "MainThread"}, "time": {"repr": "2023-12-25 06:31:46.833981+08:00", "timestamp": 1703457106.833981}}}
{"text": "2023-12-25 06:32:18 | ERROR    | __main__:run:158 | An error has been caught in function 'run', process 'MainProcess' (3516), thread 'MainThread' (140612941134720): - {}\nTraceback (most recent call last):\n  File \"/home/runner/work/myEpic/myEpic/epic/src/claim.py\", line 151, in stash\n    await self.claim_epic_games(context)\n  File \"/home/runner/work/myEpic/myEpic/epic/src/claim.py\", line 122, in claim_epic_games\n    await epic.claim_weekly_games(page, single_promotions)\n  File \"/opt/hostedtoolcache/Python/3.10.13/x64/lib/python3.10/site-packages/tenacity/_asyncio.py\", line 88, in async_wrapped\n    return await fn(*args, **kwargs)\n  File \"/opt/hostedtoolcache/Python/3.10.13/x64/lib/python3.10/site-packages/tenacity/_asyncio.py\", line 47, in __call__\n    do = self.iter(retry_state=retry_state)\n  File \"/opt/hostedtoolcache/Python/3.10.13/x64/lib/python3.10/site-packages/tenacity/__init__.py\", line 325, in iter\n    raise retry_exc.reraise()\n  File \"/opt/hostedtoolcache/Python/3.10.13/x64/lib/python3.10/site-packages/tenacity/__init__.py\", line 158, in reraise\n    raise self.last_attempt.result()\n  File \"/opt/hostedtoolcache/Python/3.10.13/x64/lib/python3.10/concurrent/futures/_base.py\", line 451, in result\n    return self.__get_result()\n  File \"/opt/hostedtoolcache/Python/3.10.13/x64/lib/python3.10/concurrent/futures/_base.py\", line 403, in __get_result\n    raise self._exception\n  File \"/opt/hostedtoolcache/Python/3.10.13/x64/lib/python3.10/site-packages/tenacity/_asyncio.py\", line 50, in __call__\n    result = await fn(*args, **kwargs)\n  File \"/home/runner/work/myEpic/myEpic/epic/src/epic_games/agent.py\", line 338, in claim_weekly_games\n    await page.wait_for_url(recur_url)\n  File \"/opt/hostedtoolcache/Python/3.10.13/x64/lib/python3.10/site-packages/playwright/async_api/_generated.py\", line 9417, in wait_for_url\n    await self._impl_obj.wait_for_url(\n  File \"/opt/hostedtoolcache/Python/3.10.13/x64/lib/python3.10/site-packages/playwright/_impl/_page.py\", line 499, in wait_for_url\n    return await self._main_frame.wait_for_url(**locals_to_params(locals()))\n  File \"/opt/hostedtoolcache/Python/3.10.13/x64/lib/python3.10/site-packages/playwright/_impl/_frame.py\", line 227, in wait_for_url\n    async with self.expect_navigation(\n  File \"/opt/hostedtoolcache/Python/3.10.13/x64/lib/python3.10/site-packages/playwright/_impl/_event_context_manager.py\", line 33, in __aexit__\n    await self._future\n  File \"/opt/hostedtoolcache/Python/3.10.13/x64/lib/python3.10/site-packages/playwright/_impl/_frame.py\", line 202, in continuation\n    event = await waiter.result()\nplaywright._impl._errors.TimeoutError: Timeout 30000ms exceeded.\n=========================== logs ===========================\nwaiting for navigation to \"https://store.epicgames.com/en-US/cart/success\" until 'load'\n============================================================\n\nDuring handling of the above exception, another exception occurred:\n\nTraceback (most recent call last):\n  File \"/home/runner/work/myEpic/myEpic/epic/src/claim.py\", line 162, in <module>\n    asyncio.run(run())\n  File \"/opt/hostedtoolcache/Python/3.10.13/x64/lib/python3.10/asyncio/runners.py\", line 44, in run\n    return loop.run_until_complete(main)\n  File \"/opt/hostedtoolcache/Python/3.10.13/x64/lib/python3.10/asyncio/base_events.py\", line 636, in run_until_complete\n    self.run_forever()\n  File \"/opt/hostedtoolcache/Python/3.10.13/x64/lib/python3.10/asyncio/base_events.py\", line 603, in run_forever\n    self._run_once()\n  File \"/opt/hostedtoolcache/Python/3.10.13/x64/lib/python3.10/asyncio/base_events.py\", line 1909, in _run_once\n    handle._run()\n  File \"/opt/hostedtoolcache/Python/3.10.13/x64/lib/python3.10/asyncio/events.py\", line 80, in _run\n    self._context.run(self._callback, *self._args)\n> File \"/home/runner/work/myEpic/myEpic/epic/src/claim.py\", line 158, in run\n    await agent.stash()\n  File \"/home/runner/work/myEpic/myEpic/epic/src/claim.py\", line 139, in stash\n    async with async_playwright() as p:\n  File \"/opt/hostedtoolcache/Python/3.10.13/x64/lib/python3.10/site-packages/playwright/async_api/_context_manager.py\", line 58, in __aexit__\n    await self._connection.stop_async()\n  File \"/opt/hostedtoolcache/Python/3.10.13/x64/lib/python3.10/site-packages/playwright/_impl/_connection.py\", line 288, in stop_async\n    self.cleanup()\n  File \"/opt/hostedtoolcache/Python/3.10.13/x64/lib/python3.10/site-packages/playwright/_impl/_connection.py\", line 299, in cleanup\n    callback.future.set_exception(self._closed_error)\nasyncio.exceptions.InvalidStateError: invalid state\n", "record": {"elapsed": {"repr": "0:03:08.894345", "seconds": 188.894345}, "exception": {"type": "InvalidStateError", "value": "invalid state", "traceback": true}, "extra": {}, "file": {"name": "claim.py", "path": "/home/runner/work/myEpic/myEpic/epic/src/claim.py"}, "function": "run", "level": {"icon": "‚ùå", "name": "ERROR", "no": 40}, "line": 158, "message": "An error has been caught in function 'run', process 'MainProcess' (3516), thread 'MainThread' (140612941134720):", "module": "claim", "name": "__main__", "process": {"id": 3516, "name": "MainProcess"}, "thread": {"id": 140612941134720, "name": "MainThread"}, "time": {"repr": "2023-12-25 06:32:18.681743+08:00", "timestamp": 1703457138.681743}}}
