{"text": "2024-02-05 06:29:04 | INFO    | __main__:stash:131 | run - {'image': '20231121', 'version': '0.10.1.post2', 'role': 'EpicPlayer', 'headless': True}\n", "record": {"elapsed": {"repr": "0:00:01.574381", "seconds": 1.574381}, "exception": null, "extra": {"image": "20231121", "version": "0.10.1.post2", "role": "EpicPlayer", "headless": true}, "file": {"name": "claim.py", "path": "/home/runner/work/myEpic/myEpic/epic/src/claim.py"}, "function": "stash", "level": {"icon": "‚ÑπÔ∏è", "name": "INFO", "no": 20}, "line": 131, "message": "run", "module": "claim", "name": "__main__", "process": {"id": 3543, "name": "MainProcess"}, "thread": {"id": 140584637451136, "name": "MainThread"}, "time": {"repr": "2024-02-05 06:29:04.802584+08:00", "timestamp": 1707085744.802584}}}
{"text": "2024-02-05 06:29:14 | WARNING    | epic_games.agent:get_order_history:467 | Failed to get order history, cookie may have expired - {}\n", "record": {"elapsed": {"repr": "0:00:11.333093", "seconds": 11.333093}, "exception": null, "extra": {}, "file": {"name": "agent.py", "path": "/home/runner/work/myEpic/myEpic/epic/src/epic_games/agent.py"}, "function": "get_order_history", "level": {"icon": "‚ö†Ô∏è", "name": "WARNING", "no": 30}, "line": 467, "message": "Failed to get order history, cookie may have expired", "module": "agent", "name": "epic_games.agent", "process": {"id": 3543, "name": "MainProcess"}, "thread": {"id": 140584637451136, "name": "MainThread"}, "time": {"repr": "2024-02-05 06:29:14.561296+08:00", "timestamp": 1707085754.561296}}}
{"text": "2024-02-05 06:29:14 | DEBUG    | __main__:create_tasks:66 | Put task - {'title': 'Doors - Paradox', 'url': 'https://store.epicgames.com/en-US/p/doors-paradox-5896c7'}\n", "record": {"elapsed": {"repr": "0:00:11.543960", "seconds": 11.54396}, "exception": null, "extra": {"title": "Doors - Paradox", "url": "https://store.epicgames.com/en-US/p/doors-paradox-5896c7"}, "file": {"name": "claim.py", "path": "/home/runner/work/myEpic/myEpic/epic/src/claim.py"}, "function": "create_tasks", "level": {"icon": "üêû", "name": "DEBUG", "no": 10}, "line": 66, "message": "Put task", "module": "claim", "name": "__main__", "process": {"id": 3543, "name": "MainProcess"}, "thread": {"id": 140584637451136, "name": "MainThread"}, "time": {"repr": "2024-02-05 06:29:14.772163+08:00", "timestamp": 1707085754.772163}}}
{"text": "2024-02-05 06:29:20 | INFO    | epic_games.agent:claim_weekly_games:294 | claim_weekly_games - {'action': 'go to store', 'url': 'https://store.epicgames.com/en-US/p/doors-paradox-5896c7'}\n", "record": {"elapsed": {"repr": "0:00:17.017072", "seconds": 17.017072}, "exception": null, "extra": {"action": "go to store", "url": "https://store.epicgames.com/en-US/p/doors-paradox-5896c7"}, "file": {"name": "agent.py", "path": "/home/runner/work/myEpic/myEpic/epic/src/epic_games/agent.py"}, "function": "claim_weekly_games", "level": {"icon": "‚ÑπÔ∏è", "name": "INFO", "no": 20}, "line": 294, "message": "claim_weekly_games", "module": "agent", "name": "epic_games.agent", "process": {"id": 3543, "name": "MainProcess"}, "thread": {"id": 140584637451136, "name": "MainThread"}, "time": {"repr": "2024-02-05 06:29:20.245275+08:00", "timestamp": 1707085760.245275}}}
{"text": "2024-02-05 06:29:29 | INFO    | epic_games.agent:claim_weekly_games:326 | claim_weekly_games - {'action': 'move to webPurchaseContainer iframe'}\n", "record": {"elapsed": {"repr": "0:00:25.942316", "seconds": 25.942316}, "exception": null, "extra": {"action": "move to webPurchaseContainer iframe"}, "file": {"name": "agent.py", "path": "/home/runner/work/myEpic/myEpic/epic/src/epic_games/agent.py"}, "function": "claim_weekly_games", "level": {"icon": "‚ÑπÔ∏è", "name": "INFO", "no": 20}, "line": 326, "message": "claim_weekly_games", "module": "agent", "name": "epic_games.agent", "process": {"id": 3543, "name": "MainProcess"}, "thread": {"id": 140584637451136, "name": "MainThread"}, "time": {"repr": "2024-02-05 06:29:29.170519+08:00", "timestamp": 1707085769.170519}}}
{"text": "2024-02-05 06:29:31 | INFO    | epic_games.agent:claim_weekly_games:328 | claim_weekly_games - {'action': 'click payment button'}\n", "record": {"elapsed": {"repr": "0:00:28.338216", "seconds": 28.338216}, "exception": null, "extra": {"action": "click payment button"}, "file": {"name": "agent.py", "path": "/home/runner/work/myEpic/myEpic/epic/src/epic_games/agent.py"}, "function": "claim_weekly_games", "level": {"icon": "‚ÑπÔ∏è", "name": "INFO", "no": 20}, "line": 328, "message": "claim_weekly_games", "module": "agent", "name": "epic_games.agent", "process": {"id": 3543, "name": "MainProcess"}, "thread": {"id": 140584637451136, "name": "MainThread"}, "time": {"repr": "2024-02-05 06:29:31.566419+08:00", "timestamp": 1707085771.566419}}}
{"text": "2024-02-05 06:29:36 | DEBUG    | hcaptcha_challenger.agents.playwright.control:_parse_label:241 | get task - {'prompt': 'Please click each image cŒøntaining an electronic device'}\n", "record": {"elapsed": {"repr": "0:00:33.342334", "seconds": 33.342334}, "exception": null, "extra": {"prompt": "Please click each image cŒøntaining an electronic device"}, "file": {"name": "control.py", "path": "/opt/hostedtoolcache/Python/3.10.13/x64/lib/python3.10/site-packages/hcaptcha_challenger/agents/playwright/control.py"}, "function": "_parse_label", "level": {"icon": "üêû", "name": "DEBUG", "no": 10}, "line": 241, "message": "get task", "module": "control", "name": "hcaptcha_challenger.agents.playwright.control", "process": {"id": 3543, "name": "MainProcess"}, "thread": {"id": 140584637451136, "name": "MainThread"}, "time": {"repr": "2024-02-05 06:29:36.570537+08:00", "timestamp": 1707085776.570537}}}
{"text": "2024-02-05 06:29:38 | DEBUG    | hcaptcha_challenger.agents.playwright.control:_rank_models:259 | handle task - {'rank_model': 'nested_electronic_device_circuit_board2309.onnx', 'prompt': 'Please click each image cŒøntaining an electronic device'}\n", "record": {"elapsed": {"repr": "0:00:35.161649", "seconds": 35.161649}, "exception": null, "extra": {"rank_model": "nested_electronic_device_circuit_board2309.onnx", "prompt": "Please click each image cŒøntaining an electronic device"}, "file": {"name": "control.py", "path": "/opt/hostedtoolcache/Python/3.10.13/x64/lib/python3.10/site-packages/hcaptcha_challenger/agents/playwright/control.py"}, "function": "_rank_models", "level": {"icon": "üêû", "name": "DEBUG", "no": 10}, "line": 259, "message": "handle task", "module": "control", "name": "hcaptcha_challenger.agents.playwright.control", "process": {"id": 3543, "name": "MainProcess"}, "thread": {"id": 140584637451136, "name": "MainThread"}, "time": {"repr": "2024-02-05 06:29:38.389852+08:00", "timestamp": 1707085778.389852}}}
{"text": "2024-02-05 06:29:41 | DEBUG    | epic_games.agent:insert_challenge:106 | task done - {'sattus': 'success'}\n", "record": {"elapsed": {"repr": "0:00:38.754432", "seconds": 38.754432}, "exception": null, "extra": {"sattus": "success"}, "file": {"name": "agent.py", "path": "/home/runner/work/myEpic/myEpic/epic/src/epic_games/agent.py"}, "function": "insert_challenge", "level": {"icon": "üêû", "name": "DEBUG", "no": 10}, "line": 106, "message": "task done", "module": "agent", "name": "epic_games.agent", "process": {"id": 3543, "name": "MainProcess"}, "thread": {"id": 140584637451136, "name": "MainThread"}, "time": {"repr": "2024-02-05 06:29:41.982635+08:00", "timestamp": 1707085781.982635}}}
{"text": "2024-02-05 06:30:14 | INFO    | epic_games.agent:claim_weekly_games:294 | claim_weekly_games - {'action': 'go to store', 'url': 'https://store.epicgames.com/en-US/p/doors-paradox-5896c7'}\n", "record": {"elapsed": {"repr": "0:01:10.908420", "seconds": 70.90842}, "exception": null, "extra": {"action": "go to store", "url": "https://store.epicgames.com/en-US/p/doors-paradox-5896c7"}, "file": {"name": "agent.py", "path": "/home/runner/work/myEpic/myEpic/epic/src/epic_games/agent.py"}, "function": "claim_weekly_games", "level": {"icon": "‚ÑπÔ∏è", "name": "INFO", "no": 20}, "line": 294, "message": "claim_weekly_games", "module": "agent", "name": "epic_games.agent", "process": {"id": 3543, "name": "MainProcess"}, "thread": {"id": 140584637451136, "name": "MainThread"}, "time": {"repr": "2024-02-05 06:30:14.136623+08:00", "timestamp": 1707085814.136623}}}
{"text": "2024-02-05 06:30:23 | INFO    | epic_games.agent:claim_weekly_games:326 | claim_weekly_games - {'action': 'move to webPurchaseContainer iframe'}\n", "record": {"elapsed": {"repr": "0:01:19.805395", "seconds": 79.805395}, "exception": null, "extra": {"action": "move to webPurchaseContainer iframe"}, "file": {"name": "agent.py", "path": "/home/runner/work/myEpic/myEpic/epic/src/epic_games/agent.py"}, "function": "claim_weekly_games", "level": {"icon": "‚ÑπÔ∏è", "name": "INFO", "no": 20}, "line": 326, "message": "claim_weekly_games", "module": "agent", "name": "epic_games.agent", "process": {"id": 3543, "name": "MainProcess"}, "thread": {"id": 140584637451136, "name": "MainThread"}, "time": {"repr": "2024-02-05 06:30:23.033598+08:00", "timestamp": 1707085823.033598}}}
{"text": "2024-02-05 06:30:25 | INFO    | epic_games.agent:claim_weekly_games:328 | claim_weekly_games - {'action': 'click payment button'}\n", "record": {"elapsed": {"repr": "0:01:22.187272", "seconds": 82.187272}, "exception": null, "extra": {"action": "click payment button"}, "file": {"name": "agent.py", "path": "/home/runner/work/myEpic/myEpic/epic/src/epic_games/agent.py"}, "function": "claim_weekly_games", "level": {"icon": "‚ÑπÔ∏è", "name": "INFO", "no": 20}, "line": 328, "message": "claim_weekly_games", "module": "agent", "name": "epic_games.agent", "process": {"id": 3543, "name": "MainProcess"}, "thread": {"id": 140584637451136, "name": "MainThread"}, "time": {"repr": "2024-02-05 06:30:25.415475+08:00", "timestamp": 1707085825.415475}}}
{"text": "2024-02-05 06:30:30 | DEBUG    | hcaptcha_challenger.agents.playwright.control:_parse_label:241 | get task - {'prompt': 'Please click on the Œøbœ≥ect that differs from oth–µrs.'}\n", "record": {"elapsed": {"repr": "0:01:27.190193", "seconds": 87.190193}, "exception": null, "extra": {"prompt": "Please click on the Œøbœ≥ect that differs from oth–µrs."}, "file": {"name": "control.py", "path": "/opt/hostedtoolcache/Python/3.10.13/x64/lib/python3.10/site-packages/hcaptcha_challenger/agents/playwright/control.py"}, "function": "_parse_label", "level": {"icon": "üêû", "name": "DEBUG", "no": 10}, "line": 241, "message": "get task", "module": "control", "name": "hcaptcha_challenger.agents.playwright.control", "process": {"id": 3543, "name": "MainProcess"}, "thread": {"id": 140584637451136, "name": "MainThread"}, "time": {"repr": "2024-02-05 06:30:30.418396+08:00", "timestamp": 1707085830.418396}}}
{"text": "2024-02-05 06:30:35 | DEBUG    | epic_games.agent:insert_challenge:106 | task done - {'sattus': 'success'}\n", "record": {"elapsed": {"repr": "0:01:32.094372", "seconds": 92.094372}, "exception": null, "extra": {"sattus": "success"}, "file": {"name": "agent.py", "path": "/home/runner/work/myEpic/myEpic/epic/src/epic_games/agent.py"}, "function": "insert_challenge", "level": {"icon": "üêû", "name": "DEBUG", "no": 10}, "line": 106, "message": "task done", "module": "agent", "name": "epic_games.agent", "process": {"id": 3543, "name": "MainProcess"}, "thread": {"id": 140584637451136, "name": "MainThread"}, "time": {"repr": "2024-02-05 06:30:35.322575+08:00", "timestamp": 1707085835.322575}}}
{"text": "2024-02-05 06:31:07 | INFO    | epic_games.agent:claim_weekly_games:294 | claim_weekly_games - {'action': 'go to store', 'url': 'https://store.epicgames.com/en-US/p/doors-paradox-5896c7'}\n", "record": {"elapsed": {"repr": "0:02:04.224472", "seconds": 124.224472}, "exception": null, "extra": {"action": "go to store", "url": "https://store.epicgames.com/en-US/p/doors-paradox-5896c7"}, "file": {"name": "agent.py", "path": "/home/runner/work/myEpic/myEpic/epic/src/epic_games/agent.py"}, "function": "claim_weekly_games", "level": {"icon": "‚ÑπÔ∏è", "name": "INFO", "no": 20}, "line": 294, "message": "claim_weekly_games", "module": "agent", "name": "epic_games.agent", "process": {"id": 3543, "name": "MainProcess"}, "thread": {"id": 140584637451136, "name": "MainThread"}, "time": {"repr": "2024-02-05 06:31:07.452675+08:00", "timestamp": 1707085867.452675}}}
{"text": "2024-02-05 06:31:16 | INFO    | epic_games.agent:claim_weekly_games:326 | claim_weekly_games - {'action': 'move to webPurchaseContainer iframe'}\n", "record": {"elapsed": {"repr": "0:02:12.813438", "seconds": 132.813438}, "exception": null, "extra": {"action": "move to webPurchaseContainer iframe"}, "file": {"name": "agent.py", "path": "/home/runner/work/myEpic/myEpic/epic/src/epic_games/agent.py"}, "function": "claim_weekly_games", "level": {"icon": "‚ÑπÔ∏è", "name": "INFO", "no": 20}, "line": 326, "message": "claim_weekly_games", "module": "agent", "name": "epic_games.agent", "process": {"id": 3543, "name": "MainProcess"}, "thread": {"id": 140584637451136, "name": "MainThread"}, "time": {"repr": "2024-02-05 06:31:16.041641+08:00", "timestamp": 1707085876.041641}}}
{"text": "2024-02-05 06:31:18 | INFO    | epic_games.agent:claim_weekly_games:328 | claim_weekly_games - {'action': 'click payment button'}\n", "record": {"elapsed": {"repr": "0:02:15.204300", "seconds": 135.2043}, "exception": null, "extra": {"action": "click payment button"}, "file": {"name": "agent.py", "path": "/home/runner/work/myEpic/myEpic/epic/src/epic_games/agent.py"}, "function": "claim_weekly_games", "level": {"icon": "‚ÑπÔ∏è", "name": "INFO", "no": 20}, "line": 328, "message": "claim_weekly_games", "module": "agent", "name": "epic_games.agent", "process": {"id": 3543, "name": "MainProcess"}, "thread": {"id": 140584637451136, "name": "MainThread"}, "time": {"repr": "2024-02-05 06:31:18.432503+08:00", "timestamp": 1707085878.432503}}}
{"text": "2024-02-05 06:31:23 | DEBUG    | hcaptcha_challenger.agents.playwright.control:_parse_label:241 | get task - {'prompt': 'Please click on the object that ‘Åiffers from others.'}\n", "record": {"elapsed": {"repr": "0:02:20.207523", "seconds": 140.207523}, "exception": null, "extra": {"prompt": "Please click on the object that ‘Åiffers from others."}, "file": {"name": "control.py", "path": "/opt/hostedtoolcache/Python/3.10.13/x64/lib/python3.10/site-packages/hcaptcha_challenger/agents/playwright/control.py"}, "function": "_parse_label", "level": {"icon": "üêû", "name": "DEBUG", "no": 10}, "line": 241, "message": "get task", "module": "control", "name": "hcaptcha_challenger.agents.playwright.control", "process": {"id": 3543, "name": "MainProcess"}, "thread": {"id": 140584637451136, "name": "MainThread"}, "time": {"repr": "2024-02-05 06:31:23.435726+08:00", "timestamp": 1707085883.435726}}}
{"text": "2024-02-05 06:31:28 | DEBUG    | epic_games.agent:insert_challenge:106 | task done - {'sattus': 'success'}\n", "record": {"elapsed": {"repr": "0:02:25.129993", "seconds": 145.129993}, "exception": null, "extra": {"sattus": "success"}, "file": {"name": "agent.py", "path": "/home/runner/work/myEpic/myEpic/epic/src/epic_games/agent.py"}, "function": "insert_challenge", "level": {"icon": "üêû", "name": "DEBUG", "no": 10}, "line": 106, "message": "task done", "module": "agent", "name": "epic_games.agent", "process": {"id": 3543, "name": "MainProcess"}, "thread": {"id": 140584637451136, "name": "MainThread"}, "time": {"repr": "2024-02-05 06:31:28.358196+08:00", "timestamp": 1707085888.358196}}}
{"text": "2024-02-05 06:32:00 | ERROR    | __main__:run:158 | An error has been caught in function 'run', process 'MainProcess' (3543), thread 'MainThread' (140584637451136): - {}\nTraceback (most recent call last):\n  File \"/home/runner/work/myEpic/myEpic/epic/src/claim.py\", line 151, in stash\n    await self.claim_epic_games(context)\n  File \"/home/runner/work/myEpic/myEpic/epic/src/claim.py\", line 122, in claim_epic_games\n    await epic.claim_weekly_games(page, single_promotions)\n  File \"/opt/hostedtoolcache/Python/3.10.13/x64/lib/python3.10/site-packages/tenacity/_asyncio.py\", line 88, in async_wrapped\n    return await fn(*args, **kwargs)\n  File \"/opt/hostedtoolcache/Python/3.10.13/x64/lib/python3.10/site-packages/tenacity/_asyncio.py\", line 47, in __call__\n    do = self.iter(retry_state=retry_state)\n  File \"/opt/hostedtoolcache/Python/3.10.13/x64/lib/python3.10/site-packages/tenacity/__init__.py\", line 325, in iter\n    raise retry_exc.reraise()\n  File \"/opt/hostedtoolcache/Python/3.10.13/x64/lib/python3.10/site-packages/tenacity/__init__.py\", line 158, in reraise\n    raise self.last_attempt.result()\n  File \"/opt/hostedtoolcache/Python/3.10.13/x64/lib/python3.10/concurrent/futures/_base.py\", line 451, in result\n    return self.__get_result()\n  File \"/opt/hostedtoolcache/Python/3.10.13/x64/lib/python3.10/concurrent/futures/_base.py\", line 403, in __get_result\n    raise self._exception\n  File \"/opt/hostedtoolcache/Python/3.10.13/x64/lib/python3.10/site-packages/tenacity/_asyncio.py\", line 50, in __call__\n    result = await fn(*args, **kwargs)\n  File \"/home/runner/work/myEpic/myEpic/epic/src/epic_games/agent.py\", line 338, in claim_weekly_games\n    await page.wait_for_url(recur_url)\n  File \"/opt/hostedtoolcache/Python/3.10.13/x64/lib/python3.10/site-packages/playwright/async_api/_generated.py\", line 9432, in wait_for_url\n    await self._impl_obj.wait_for_url(\n  File \"/opt/hostedtoolcache/Python/3.10.13/x64/lib/python3.10/site-packages/playwright/_impl/_page.py\", line 508, in wait_for_url\n    return await self._main_frame.wait_for_url(**locals_to_params(locals()))\n  File \"/opt/hostedtoolcache/Python/3.10.13/x64/lib/python3.10/site-packages/playwright/_impl/_frame.py\", line 237, in wait_for_url\n    async with self.expect_navigation(\n  File \"/opt/hostedtoolcache/Python/3.10.13/x64/lib/python3.10/site-packages/playwright/_impl/_event_context_manager.py\", line 33, in __aexit__\n    await self._future\n  File \"/opt/hostedtoolcache/Python/3.10.13/x64/lib/python3.10/site-packages/playwright/_impl/_frame.py\", line 212, in continuation\n    event = await waiter.result()\nplaywright._impl._errors.TimeoutError: Timeout 30000ms exceeded.\n=========================== logs ===========================\nwaiting for navigation to \"https://store.epicgames.com/en-US/cart/success\" until 'load'\n============================================================\n\nDuring handling of the above exception, another exception occurred:\n\nTraceback (most recent call last):\n  File \"/home/runner/work/myEpic/myEpic/epic/src/claim.py\", line 162, in <module>\n    asyncio.run(run())\n  File \"/opt/hostedtoolcache/Python/3.10.13/x64/lib/python3.10/asyncio/runners.py\", line 44, in run\n    return loop.run_until_complete(main)\n  File \"/opt/hostedtoolcache/Python/3.10.13/x64/lib/python3.10/asyncio/base_events.py\", line 636, in run_until_complete\n    self.run_forever()\n  File \"/opt/hostedtoolcache/Python/3.10.13/x64/lib/python3.10/asyncio/base_events.py\", line 603, in run_forever\n    self._run_once()\n  File \"/opt/hostedtoolcache/Python/3.10.13/x64/lib/python3.10/asyncio/base_events.py\", line 1909, in _run_once\n    handle._run()\n  File \"/opt/hostedtoolcache/Python/3.10.13/x64/lib/python3.10/asyncio/events.py\", line 80, in _run\n    self._context.run(self._callback, *self._args)\n> File \"/home/runner/work/myEpic/myEpic/epic/src/claim.py\", line 158, in run\n    await agent.stash()\n  File \"/home/runner/work/myEpic/myEpic/epic/src/claim.py\", line 139, in stash\n    async with async_playwright() as p:\n  File \"/opt/hostedtoolcache/Python/3.10.13/x64/lib/python3.10/site-packages/playwright/async_api/_context_manager.py\", line 58, in __aexit__\n    await self._connection.stop_async()\n  File \"/opt/hostedtoolcache/Python/3.10.13/x64/lib/python3.10/site-packages/playwright/_impl/_connection.py\", line 289, in stop_async\n    self.cleanup()\n  File \"/opt/hostedtoolcache/Python/3.10.13/x64/lib/python3.10/site-packages/playwright/_impl/_connection.py\", line 300, in cleanup\n    callback.future.set_exception(self._closed_error)\nasyncio.exceptions.InvalidStateError: invalid state\n", "record": {"elapsed": {"repr": "0:02:57.020494", "seconds": 177.020494}, "exception": {"type": "InvalidStateError", "value": "invalid state", "traceback": true}, "extra": {}, "file": {"name": "claim.py", "path": "/home/runner/work/myEpic/myEpic/epic/src/claim.py"}, "function": "run", "level": {"icon": "‚ùå", "name": "ERROR", "no": 40}, "line": 158, "message": "An error has been caught in function 'run', process 'MainProcess' (3543), thread 'MainThread' (140584637451136):", "module": "claim", "name": "__main__", "process": {"id": 3543, "name": "MainProcess"}, "thread": {"id": 140584637451136, "name": "MainThread"}, "time": {"repr": "2024-02-05 06:32:00.248697+08:00", "timestamp": 1707085920.248697}}}
