{"text": "2023-12-12 06:31:07 | INFO    | __main__:stash:131 | run - {'image': '20231121', 'version': '0.10.1.post2', 'role': 'EpicPlayer', 'headless': True}\n", "record": {"elapsed": {"repr": "0:00:01.953776", "seconds": 1.953776}, "exception": null, "extra": {"image": "20231121", "version": "0.10.1.post2", "role": "EpicPlayer", "headless": true}, "file": {"name": "claim.py", "path": "/home/runner/work/myEpic/myEpic/epic/src/claim.py"}, "function": "stash", "level": {"icon": "‚ÑπÔ∏è", "name": "INFO", "no": 20}, "line": 131, "message": "run", "module": "claim", "name": "__main__", "process": {"id": 3635, "name": "MainProcess"}, "thread": {"id": 140491442297728, "name": "MainThread"}, "time": {"repr": "2023-12-12 06:31:07.435193+08:00", "timestamp": 1702333867.435193}}}
{"text": "2023-12-12 06:31:12 | DEBUG    | __main__:create_tasks:66 | Put task - {'title': 'GigaBash', 'url': 'https://store.epicgames.com/en-US/p/gigabash'}\n", "record": {"elapsed": {"repr": "0:00:06.526412", "seconds": 6.526412}, "exception": null, "extra": {"title": "GigaBash", "url": "https://store.epicgames.com/en-US/p/gigabash"}, "file": {"name": "claim.py", "path": "/home/runner/work/myEpic/myEpic/epic/src/claim.py"}, "function": "create_tasks", "level": {"icon": "üêû", "name": "DEBUG", "no": 10}, "line": 66, "message": "Put task", "module": "claim", "name": "__main__", "process": {"id": 3635, "name": "MainProcess"}, "thread": {"id": 140491442297728, "name": "MainThread"}, "time": {"repr": "2023-12-12 06:31:12.007829+08:00", "timestamp": 1702333872.007829}}}
{"text": "2023-12-12 06:31:12 | DEBUG    | __main__:create_tasks:66 | Put task - {'title': 'Predecessor', 'url': 'https://store.epicgames.com/en-US/p/predecessor'}\n", "record": {"elapsed": {"repr": "0:00:06.527033", "seconds": 6.527033}, "exception": null, "extra": {"title": "Predecessor", "url": "https://store.epicgames.com/en-US/p/predecessor"}, "file": {"name": "claim.py", "path": "/home/runner/work/myEpic/myEpic/epic/src/claim.py"}, "function": "create_tasks", "level": {"icon": "üêû", "name": "DEBUG", "no": 10}, "line": 66, "message": "Put task", "module": "claim", "name": "__main__", "process": {"id": 3635, "name": "MainProcess"}, "thread": {"id": 140491442297728, "name": "MainThread"}, "time": {"repr": "2023-12-12 06:31:12.008450+08:00", "timestamp": 1702333872.00845}}}
{"text": "2023-12-12 06:31:16 | INFO    | epic_games.agent:claim_weekly_games:294 | claim_weekly_games - {'action': 'go to store', 'url': 'https://store.epicgames.com/en-US/p/gigabash'}\n", "record": {"elapsed": {"repr": "0:00:10.944324", "seconds": 10.944324}, "exception": null, "extra": {"action": "go to store", "url": "https://store.epicgames.com/en-US/p/gigabash"}, "file": {"name": "agent.py", "path": "/home/runner/work/myEpic/myEpic/epic/src/epic_games/agent.py"}, "function": "claim_weekly_games", "level": {"icon": "‚ÑπÔ∏è", "name": "INFO", "no": 20}, "line": 294, "message": "claim_weekly_games", "module": "agent", "name": "epic_games.agent", "process": {"id": 3635, "name": "MainProcess"}, "thread": {"id": 140491442297728, "name": "MainThread"}, "time": {"repr": "2023-12-12 06:31:16.425741+08:00", "timestamp": 1702333876.425741}}}
{"text": "2023-12-12 06:31:19 | INFO    | epic_games.agent:claim_weekly_games:294 | claim_weekly_games - {'action': 'go to store', 'url': 'https://store.epicgames.com/en-US/p/predecessor'}\n", "record": {"elapsed": {"repr": "0:00:13.996922", "seconds": 13.996922}, "exception": null, "extra": {"action": "go to store", "url": "https://store.epicgames.com/en-US/p/predecessor"}, "file": {"name": "agent.py", "path": "/home/runner/work/myEpic/myEpic/epic/src/epic_games/agent.py"}, "function": "claim_weekly_games", "level": {"icon": "‚ÑπÔ∏è", "name": "INFO", "no": 20}, "line": 294, "message": "claim_weekly_games", "module": "agent", "name": "epic_games.agent", "process": {"id": 3635, "name": "MainProcess"}, "thread": {"id": 140491442297728, "name": "MainThread"}, "time": {"repr": "2023-12-12 06:31:19.478339+08:00", "timestamp": 1702333879.478339}}}
{"text": "2023-12-12 06:31:28 | INFO    | epic_games.agent:claim_weekly_games:326 | claim_weekly_games - {'action': 'move to webPurchaseContainer iframe'}\n", "record": {"elapsed": {"repr": "0:00:23.026490", "seconds": 23.02649}, "exception": null, "extra": {"action": "move to webPurchaseContainer iframe"}, "file": {"name": "agent.py", "path": "/home/runner/work/myEpic/myEpic/epic/src/epic_games/agent.py"}, "function": "claim_weekly_games", "level": {"icon": "‚ÑπÔ∏è", "name": "INFO", "no": 20}, "line": 326, "message": "claim_weekly_games", "module": "agent", "name": "epic_games.agent", "process": {"id": 3635, "name": "MainProcess"}, "thread": {"id": 140491442297728, "name": "MainThread"}, "time": {"repr": "2023-12-12 06:31:28.507907+08:00", "timestamp": 1702333888.507907}}}
{"text": "2023-12-12 06:31:30 | INFO    | epic_games.agent:claim_weekly_games:328 | claim_weekly_games - {'action': 'click payment button'}\n", "record": {"elapsed": {"repr": "0:00:25.414372", "seconds": 25.414372}, "exception": null, "extra": {"action": "click payment button"}, "file": {"name": "agent.py", "path": "/home/runner/work/myEpic/myEpic/epic/src/epic_games/agent.py"}, "function": "claim_weekly_games", "level": {"icon": "‚ÑπÔ∏è", "name": "INFO", "no": 20}, "line": 328, "message": "claim_weekly_games", "module": "agent", "name": "epic_games.agent", "process": {"id": 3635, "name": "MainProcess"}, "thread": {"id": 140491442297728, "name": "MainThread"}, "time": {"repr": "2023-12-12 06:31:30.895789+08:00", "timestamp": 1702333890.895789}}}
{"text": "2023-12-12 06:31:35 | DEBUG    | hcaptcha_challenger.agents.playwright.control:_parse_label:241 | get task - {'prompt': 'Œ°lea—ïe find an‘Å click on the letter K in the image below.'}\n", "record": {"elapsed": {"repr": "0:00:30.416573", "seconds": 30.416573}, "exception": null, "extra": {"prompt": "Œ°lea—ïe find an‘Å click on the letter K in the image below."}, "file": {"name": "control.py", "path": "/opt/hostedtoolcache/Python/3.10.13/x64/lib/python3.10/site-packages/hcaptcha_challenger/agents/playwright/control.py"}, "function": "_parse_label", "level": {"icon": "üêû", "name": "DEBUG", "no": 10}, "line": 241, "message": "get task", "module": "control", "name": "hcaptcha_challenger.agents.playwright.control", "process": {"id": 3635, "name": "MainProcess"}, "thread": {"id": 140491442297728, "name": "MainThread"}, "time": {"repr": "2023-12-12 06:31:35.897990+08:00", "timestamp": 1702333895.89799}}}
{"text": "2023-12-12 06:31:40 | DEBUG    | epic_games.agent:insert_challenge:106 | task done - {'sattus': 'success'}\n", "record": {"elapsed": {"repr": "0:00:35.387800", "seconds": 35.3878}, "exception": null, "extra": {"sattus": "success"}, "file": {"name": "agent.py", "path": "/home/runner/work/myEpic/myEpic/epic/src/epic_games/agent.py"}, "function": "insert_challenge", "level": {"icon": "üêû", "name": "DEBUG", "no": 10}, "line": 106, "message": "task done", "module": "agent", "name": "epic_games.agent", "process": {"id": 3635, "name": "MainProcess"}, "thread": {"id": 140491442297728, "name": "MainThread"}, "time": {"repr": "2023-12-12 06:31:40.869217+08:00", "timestamp": 1702333900.869217}}}
{"text": "2023-12-12 06:32:13 | INFO    | epic_games.agent:claim_weekly_games:294 | claim_weekly_games - {'action': 'go to store', 'url': 'https://store.epicgames.com/en-US/p/gigabash'}\n", "record": {"elapsed": {"repr": "0:01:07.540557", "seconds": 67.540557}, "exception": null, "extra": {"action": "go to store", "url": "https://store.epicgames.com/en-US/p/gigabash"}, "file": {"name": "agent.py", "path": "/home/runner/work/myEpic/myEpic/epic/src/epic_games/agent.py"}, "function": "claim_weekly_games", "level": {"icon": "‚ÑπÔ∏è", "name": "INFO", "no": 20}, "line": 294, "message": "claim_weekly_games", "module": "agent", "name": "epic_games.agent", "process": {"id": 3635, "name": "MainProcess"}, "thread": {"id": 140491442297728, "name": "MainThread"}, "time": {"repr": "2023-12-12 06:32:13.021974+08:00", "timestamp": 1702333933.021974}}}
{"text": "2023-12-12 06:32:18 | INFO    | epic_games.agent:claim_weekly_games:294 | claim_weekly_games - {'action': 'go to store', 'url': 'https://store.epicgames.com/en-US/p/predecessor'}\n", "record": {"elapsed": {"repr": "0:01:12.815756", "seconds": 72.815756}, "exception": null, "extra": {"action": "go to store", "url": "https://store.epicgames.com/en-US/p/predecessor"}, "file": {"name": "agent.py", "path": "/home/runner/work/myEpic/myEpic/epic/src/epic_games/agent.py"}, "function": "claim_weekly_games", "level": {"icon": "‚ÑπÔ∏è", "name": "INFO", "no": 20}, "line": 294, "message": "claim_weekly_games", "module": "agent", "name": "epic_games.agent", "process": {"id": 3635, "name": "MainProcess"}, "thread": {"id": 140491442297728, "name": "MainThread"}, "time": {"repr": "2023-12-12 06:32:18.297173+08:00", "timestamp": 1702333938.297173}}}
{"text": "2023-12-12 06:32:27 | INFO    | epic_games.agent:claim_weekly_games:326 | claim_weekly_games - {'action': 'move to webPurchaseContainer iframe'}\n", "record": {"elapsed": {"repr": "0:01:21.904687", "seconds": 81.904687}, "exception": null, "extra": {"action": "move to webPurchaseContainer iframe"}, "file": {"name": "agent.py", "path": "/home/runner/work/myEpic/myEpic/epic/src/epic_games/agent.py"}, "function": "claim_weekly_games", "level": {"icon": "‚ÑπÔ∏è", "name": "INFO", "no": 20}, "line": 326, "message": "claim_weekly_games", "module": "agent", "name": "epic_games.agent", "process": {"id": 3635, "name": "MainProcess"}, "thread": {"id": 140491442297728, "name": "MainThread"}, "time": {"repr": "2023-12-12 06:32:27.386104+08:00", "timestamp": 1702333947.386104}}}
{"text": "2023-12-12 06:32:29 | INFO    | epic_games.agent:claim_weekly_games:328 | claim_weekly_games - {'action': 'click payment button'}\n", "record": {"elapsed": {"repr": "0:01:24.272907", "seconds": 84.272907}, "exception": null, "extra": {"action": "click payment button"}, "file": {"name": "agent.py", "path": "/home/runner/work/myEpic/myEpic/epic/src/epic_games/agent.py"}, "function": "claim_weekly_games", "level": {"icon": "‚ÑπÔ∏è", "name": "INFO", "no": 20}, "line": 328, "message": "claim_weekly_games", "module": "agent", "name": "epic_games.agent", "process": {"id": 3635, "name": "MainProcess"}, "thread": {"id": 140491442297728, "name": "MainThread"}, "time": {"repr": "2023-12-12 06:32:29.754324+08:00", "timestamp": 1702333949.754324}}}
{"text": "2023-12-12 06:32:34 | DEBUG    | hcaptcha_challenger.agents.playwright.control:_parse_label:241 | get task - {'prompt': 'Plea—ïe click each image containing a rodent'}\n", "record": {"elapsed": {"repr": "0:01:29.274328", "seconds": 89.274328}, "exception": null, "extra": {"prompt": "Plea—ïe click each image containing a rodent"}, "file": {"name": "control.py", "path": "/opt/hostedtoolcache/Python/3.10.13/x64/lib/python3.10/site-packages/hcaptcha_challenger/agents/playwright/control.py"}, "function": "_parse_label", "level": {"icon": "üêû", "name": "DEBUG", "no": 10}, "line": 241, "message": "get task", "module": "control", "name": "hcaptcha_challenger.agents.playwright.control", "process": {"id": 3635, "name": "MainProcess"}, "thread": {"id": 140491442297728, "name": "MainThread"}, "time": {"repr": "2023-12-12 06:32:34.755745+08:00", "timestamp": 1702333954.755745}}}
{"text": "2023-12-12 06:32:35 | DEBUG    | hcaptcha_challenger.agents.playwright.control:_catch_all_binary_challenge:474 | handle task - {'unsupervised': 'binary', 'candidate_labels': ['This is a picture that looks like rodent.', \"This is a picture that don't look like rodent.\"], 'prompt': 'Plea—ïe click each image containing a rodent', 'timit': '0.973s'}\n", "record": {"elapsed": {"repr": "0:01:30.372680", "seconds": 90.37268}, "exception": null, "extra": {"unsupervised": "binary", "candidate_labels": ["This is a picture that looks like rodent.", "This is a picture that don't look like rodent."], "prompt": "Plea—ïe click each image containing a rodent", "timit": "0.973s"}, "file": {"name": "control.py", "path": "/opt/hostedtoolcache/Python/3.10.13/x64/lib/python3.10/site-packages/hcaptcha_challenger/agents/playwright/control.py"}, "function": "_catch_all_binary_challenge", "level": {"icon": "üêû", "name": "DEBUG", "no": 10}, "line": 474, "message": "handle task", "module": "control", "name": "hcaptcha_challenger.agents.playwright.control", "process": {"id": 3635, "name": "MainProcess"}, "thread": {"id": 140491442297728, "name": "MainThread"}, "time": {"repr": "2023-12-12 06:32:35.854097+08:00", "timestamp": 1702333955.854097}}}
{"text": "2023-12-12 06:32:47 | DEBUG    | epic_games.agent:insert_challenge:106 | task done - {'sattus': 'success'}\n", "record": {"elapsed": {"repr": "0:01:41.565351", "seconds": 101.565351}, "exception": null, "extra": {"sattus": "success"}, "file": {"name": "agent.py", "path": "/home/runner/work/myEpic/myEpic/epic/src/epic_games/agent.py"}, "function": "insert_challenge", "level": {"icon": "üêû", "name": "DEBUG", "no": 10}, "line": 106, "message": "task done", "module": "agent", "name": "epic_games.agent", "process": {"id": 3635, "name": "MainProcess"}, "thread": {"id": 140491442297728, "name": "MainThread"}, "time": {"repr": "2023-12-12 06:32:47.046768+08:00", "timestamp": 1702333967.046768}}}
{"text": "2023-12-12 06:33:19 | INFO    | epic_games.agent:claim_weekly_games:294 | claim_weekly_games - {'action': 'go to store', 'url': 'https://store.epicgames.com/en-US/p/gigabash'}\n", "record": {"elapsed": {"repr": "0:02:13.738996", "seconds": 133.738996}, "exception": null, "extra": {"action": "go to store", "url": "https://store.epicgames.com/en-US/p/gigabash"}, "file": {"name": "agent.py", "path": "/home/runner/work/myEpic/myEpic/epic/src/epic_games/agent.py"}, "function": "claim_weekly_games", "level": {"icon": "‚ÑπÔ∏è", "name": "INFO", "no": 20}, "line": 294, "message": "claim_weekly_games", "module": "agent", "name": "epic_games.agent", "process": {"id": 3635, "name": "MainProcess"}, "thread": {"id": 140491442297728, "name": "MainThread"}, "time": {"repr": "2023-12-12 06:33:19.220413+08:00", "timestamp": 1702333999.220413}}}
{"text": "2023-12-12 06:33:24 | INFO    | epic_games.agent:claim_weekly_games:294 | claim_weekly_games - {'action': 'go to store', 'url': 'https://store.epicgames.com/en-US/p/predecessor'}\n", "record": {"elapsed": {"repr": "0:02:18.972363", "seconds": 138.972363}, "exception": null, "extra": {"action": "go to store", "url": "https://store.epicgames.com/en-US/p/predecessor"}, "file": {"name": "agent.py", "path": "/home/runner/work/myEpic/myEpic/epic/src/epic_games/agent.py"}, "function": "claim_weekly_games", "level": {"icon": "‚ÑπÔ∏è", "name": "INFO", "no": 20}, "line": 294, "message": "claim_weekly_games", "module": "agent", "name": "epic_games.agent", "process": {"id": 3635, "name": "MainProcess"}, "thread": {"id": 140491442297728, "name": "MainThread"}, "time": {"repr": "2023-12-12 06:33:24.453780+08:00", "timestamp": 1702334004.45378}}}
{"text": "2023-12-12 06:33:33 | INFO    | epic_games.agent:claim_weekly_games:326 | claim_weekly_games - {'action': 'move to webPurchaseContainer iframe'}\n", "record": {"elapsed": {"repr": "0:02:28.093281", "seconds": 148.093281}, "exception": null, "extra": {"action": "move to webPurchaseContainer iframe"}, "file": {"name": "agent.py", "path": "/home/runner/work/myEpic/myEpic/epic/src/epic_games/agent.py"}, "function": "claim_weekly_games", "level": {"icon": "‚ÑπÔ∏è", "name": "INFO", "no": 20}, "line": 326, "message": "claim_weekly_games", "module": "agent", "name": "epic_games.agent", "process": {"id": 3635, "name": "MainProcess"}, "thread": {"id": 140491442297728, "name": "MainThread"}, "time": {"repr": "2023-12-12 06:33:33.574698+08:00", "timestamp": 1702334013.574698}}}
{"text": "2023-12-12 06:33:35 | INFO    | epic_games.agent:claim_weekly_games:328 | claim_weekly_games - {'action': 'click payment button'}\n", "record": {"elapsed": {"repr": "0:02:30.483717", "seconds": 150.483717}, "exception": null, "extra": {"action": "click payment button"}, "file": {"name": "agent.py", "path": "/home/runner/work/myEpic/myEpic/epic/src/epic_games/agent.py"}, "function": "claim_weekly_games", "level": {"icon": "‚ÑπÔ∏è", "name": "INFO", "no": 20}, "line": 328, "message": "claim_weekly_games", "module": "agent", "name": "epic_games.agent", "process": {"id": 3635, "name": "MainProcess"}, "thread": {"id": 140491442297728, "name": "MainThread"}, "time": {"repr": "2023-12-12 06:33:35.965134+08:00", "timestamp": 1702334015.965134}}}
{"text": "2023-12-12 06:33:40 | DEBUG    | hcaptcha_challenger.agents.playwright.control:_parse_label:241 | get task - {'prompt': 'Please click each image cŒøntaining a rodent'}\n", "record": {"elapsed": {"repr": "0:02:35.485965", "seconds": 155.485965}, "exception": null, "extra": {"prompt": "Please click each image cŒøntaining a rodent"}, "file": {"name": "control.py", "path": "/opt/hostedtoolcache/Python/3.10.13/x64/lib/python3.10/site-packages/hcaptcha_challenger/agents/playwright/control.py"}, "function": "_parse_label", "level": {"icon": "üêû", "name": "DEBUG", "no": 10}, "line": 241, "message": "get task", "module": "control", "name": "hcaptcha_challenger.agents.playwright.control", "process": {"id": 3635, "name": "MainProcess"}, "thread": {"id": 140491442297728, "name": "MainThread"}, "time": {"repr": "2023-12-12 06:33:40.967382+08:00", "timestamp": 1702334020.967382}}}
{"text": "2023-12-12 06:33:41 | DEBUG    | hcaptcha_challenger.agents.playwright.control:_catch_all_binary_challenge:474 | handle task - {'unsupervised': 'binary', 'candidate_labels': ['This is a picture that looks like rodent.', \"This is a picture that don't look like rodent.\"], 'prompt': 'Please click each image cŒøntaining a rodent', 'timit': '0.708s'}\n", "record": {"elapsed": {"repr": "0:02:36.321971", "seconds": 156.321971}, "exception": null, "extra": {"unsupervised": "binary", "candidate_labels": ["This is a picture that looks like rodent.", "This is a picture that don't look like rodent."], "prompt": "Please click each image cŒøntaining a rodent", "timit": "0.708s"}, "file": {"name": "control.py", "path": "/opt/hostedtoolcache/Python/3.10.13/x64/lib/python3.10/site-packages/hcaptcha_challenger/agents/playwright/control.py"}, "function": "_catch_all_binary_challenge", "level": {"icon": "üêû", "name": "DEBUG", "no": 10}, "line": 474, "message": "handle task", "module": "control", "name": "hcaptcha_challenger.agents.playwright.control", "process": {"id": 3635, "name": "MainProcess"}, "thread": {"id": 140491442297728, "name": "MainThread"}, "time": {"repr": "2023-12-12 06:33:41.803388+08:00", "timestamp": 1702334021.803388}}}
{"text": "2023-12-12 06:33:53 | DEBUG    | epic_games.agent:insert_challenge:106 | task done - {'sattus': 'success'}\n", "record": {"elapsed": {"repr": "0:02:48.473263", "seconds": 168.473263}, "exception": null, "extra": {"sattus": "success"}, "file": {"name": "agent.py", "path": "/home/runner/work/myEpic/myEpic/epic/src/epic_games/agent.py"}, "function": "insert_challenge", "level": {"icon": "üêû", "name": "DEBUG", "no": 10}, "line": 106, "message": "task done", "module": "agent", "name": "epic_games.agent", "process": {"id": 3635, "name": "MainProcess"}, "thread": {"id": 140491442297728, "name": "MainThread"}, "time": {"repr": "2023-12-12 06:33:53.954680+08:00", "timestamp": 1702334033.95468}}}
{"text": "2023-12-12 06:34:25 | ERROR    | __main__:run:158 | An error has been caught in function 'run', process 'MainProcess' (3635), thread 'MainThread' (140491442297728): - {}\nTraceback (most recent call last):\n  File \"/home/runner/work/myEpic/myEpic/epic/src/claim.py\", line 151, in stash\n    await self.claim_epic_games(context)\n  File \"/home/runner/work/myEpic/myEpic/epic/src/claim.py\", line 122, in claim_epic_games\n    await epic.claim_weekly_games(page, single_promotions)\n  File \"/opt/hostedtoolcache/Python/3.10.13/x64/lib/python3.10/site-packages/tenacity/_asyncio.py\", line 88, in async_wrapped\n    return await fn(*args, **kwargs)\n  File \"/opt/hostedtoolcache/Python/3.10.13/x64/lib/python3.10/site-packages/tenacity/_asyncio.py\", line 47, in __call__\n    do = self.iter(retry_state=retry_state)\n  File \"/opt/hostedtoolcache/Python/3.10.13/x64/lib/python3.10/site-packages/tenacity/__init__.py\", line 325, in iter\n    raise retry_exc.reraise()\n  File \"/opt/hostedtoolcache/Python/3.10.13/x64/lib/python3.10/site-packages/tenacity/__init__.py\", line 158, in reraise\n    raise self.last_attempt.result()\n  File \"/opt/hostedtoolcache/Python/3.10.13/x64/lib/python3.10/concurrent/futures/_base.py\", line 451, in result\n    return self.__get_result()\n  File \"/opt/hostedtoolcache/Python/3.10.13/x64/lib/python3.10/concurrent/futures/_base.py\", line 403, in __get_result\n    raise self._exception\n  File \"/opt/hostedtoolcache/Python/3.10.13/x64/lib/python3.10/site-packages/tenacity/_asyncio.py\", line 50, in __call__\n    result = await fn(*args, **kwargs)\n  File \"/home/runner/work/myEpic/myEpic/epic/src/epic_games/agent.py\", line 338, in claim_weekly_games\n    await page.wait_for_url(recur_url)\n  File \"/opt/hostedtoolcache/Python/3.10.13/x64/lib/python3.10/site-packages/playwright/async_api/_generated.py\", line 9417, in wait_for_url\n    await self._impl_obj.wait_for_url(\n  File \"/opt/hostedtoolcache/Python/3.10.13/x64/lib/python3.10/site-packages/playwright/_impl/_page.py\", line 499, in wait_for_url\n    return await self._main_frame.wait_for_url(**locals_to_params(locals()))\n  File \"/opt/hostedtoolcache/Python/3.10.13/x64/lib/python3.10/site-packages/playwright/_impl/_frame.py\", line 227, in wait_for_url\n    async with self.expect_navigation(\n  File \"/opt/hostedtoolcache/Python/3.10.13/x64/lib/python3.10/site-packages/playwright/_impl/_event_context_manager.py\", line 33, in __aexit__\n    await self._future\n  File \"/opt/hostedtoolcache/Python/3.10.13/x64/lib/python3.10/site-packages/playwright/_impl/_frame.py\", line 202, in continuation\n    event = await waiter.result()\nplaywright._impl._errors.TimeoutError: Timeout 30000ms exceeded.\n=========================== logs ===========================\nwaiting for navigation to \"https://store.epicgames.com/en-US/cart/success\" until 'load'\n============================================================\n\nDuring handling of the above exception, another exception occurred:\n\nTraceback (most recent call last):\n  File \"/home/runner/work/myEpic/myEpic/epic/src/claim.py\", line 162, in <module>\n    asyncio.run(run())\n  File \"/opt/hostedtoolcache/Python/3.10.13/x64/lib/python3.10/asyncio/runners.py\", line 44, in run\n    return loop.run_until_complete(main)\n  File \"/opt/hostedtoolcache/Python/3.10.13/x64/lib/python3.10/asyncio/base_events.py\", line 636, in run_until_complete\n    self.run_forever()\n  File \"/opt/hostedtoolcache/Python/3.10.13/x64/lib/python3.10/asyncio/base_events.py\", line 603, in run_forever\n    self._run_once()\n  File \"/opt/hostedtoolcache/Python/3.10.13/x64/lib/python3.10/asyncio/base_events.py\", line 1909, in _run_once\n    handle._run()\n  File \"/opt/hostedtoolcache/Python/3.10.13/x64/lib/python3.10/asyncio/events.py\", line 80, in _run\n    self._context.run(self._callback, *self._args)\n> File \"/home/runner/work/myEpic/myEpic/epic/src/claim.py\", line 158, in run\n    await agent.stash()\n  File \"/home/runner/work/myEpic/myEpic/epic/src/claim.py\", line 139, in stash\n    async with async_playwright() as p:\n  File \"/opt/hostedtoolcache/Python/3.10.13/x64/lib/python3.10/site-packages/playwright/async_api/_context_manager.py\", line 58, in __aexit__\n    await self._connection.stop_async()\n  File \"/opt/hostedtoolcache/Python/3.10.13/x64/lib/python3.10/site-packages/playwright/_impl/_connection.py\", line 288, in stop_async\n    self.cleanup()\n  File \"/opt/hostedtoolcache/Python/3.10.13/x64/lib/python3.10/site-packages/playwright/_impl/_connection.py\", line 299, in cleanup\n    callback.future.set_exception(self._closed_error)\nasyncio.exceptions.InvalidStateError: invalid state\n", "record": {"elapsed": {"repr": "0:03:20.348268", "seconds": 200.348268}, "exception": {"type": "InvalidStateError", "value": "invalid state", "traceback": true}, "extra": {}, "file": {"name": "claim.py", "path": "/home/runner/work/myEpic/myEpic/epic/src/claim.py"}, "function": "run", "level": {"icon": "‚ùå", "name": "ERROR", "no": 40}, "line": 158, "message": "An error has been caught in function 'run', process 'MainProcess' (3635), thread 'MainThread' (140491442297728):", "module": "claim", "name": "__main__", "process": {"id": 3635, "name": "MainProcess"}, "thread": {"id": 140491442297728, "name": "MainThread"}, "time": {"repr": "2023-12-12 06:34:25.829685+08:00", "timestamp": 1702334065.829685}}}
